<?xml version="1.0" encoding="UTF-8" ?>
<testsuite tests="4" failures="0" name="org.apache.log4jna.nt.Win32EventLogAppenderTest" time="0.497" errors="0" skipped="0">
  <properties>
[...]
</properties>
  <testcase classname="org.apache.log4jna.nt.Win32EventLogAppenderTest" name="testDebugEvent" time="0.482"/>
  <testcase classname="org.apache.log4jna.nt.Win32EventLogAppenderTest" name="testInfoEvent" time="0"/>
  <testcase classname="org.apache.log4jna.nt.Win32EventLogAppenderTest" name="testWarnEvent" time="0"/>
  <testcase classname="org.apache.log4jna.nt.Win32EventLogAppenderTest" name="testFatalEvent" time="0.015"/>
</testsuite>